<?xml version="1.0" encoding="UTF-8"?>
<!-- Generated by org.testng.reporters.JUnitXMLReporter -->
<testsuite hostname="Sai" ignored="4" name="Surefire test" tests="4" failures="0" timestamp="16 Apr 2023 04:47:16 GMT" time="0.158" errors="0">
  <testcase name="test3" time="0.076" classname="testcases.CarLoanTest"/>
  <testcase name="test4" time="0.0" classname="testcases.CreditCardTest"/>
  <testcase name="test2" time="0.0" classname="testcases.HomeLoanTest"/>
  <testcase name="test1" time="0.0" classname="testcases.HomeLoanTest"/>
  <testcase name="@BeforeTest method3" time="0.0" classname="testcases.BaseClass">
    <ignored/>
  </testcase> <!-- @BeforeTest method3 -->
  <testcase name="@BeforeTest method3" time="0.0" classname="testcases.BaseClass">
    <ignored/>
  </testcase> <!-- @BeforeTest method3 -->
  <testcase name="@AfterTest method4" time="0.0" classname="testcases.BaseClass">
    <ignored/>
  </testcase> <!-- @AfterTest method4 -->
  <testcase name="@AfterTest method4" time="0.0" classname="testcases.BaseClass">
    <ignored/>
  </testcase> <!-- @AfterTest method4 -->
</testsuite> <!-- Surefire test -->
