<?xml version="1.0" encoding="UTF-8"?>
<!-- Generated by org.testng.reporters.JUnitXMLReporter -->
<testsuite hostname="Sai" ignored="6" name="Test" tests="2" failures="0" timestamp="16 Apr 2023 04:58:39 GMT" time="0.078" errors="0">
  <testcase name="test2" time="0.0" classname="testcases.HomeLoanTest"/>
  <testcase name="test4" time="0.0" classname="testcases.CreditCardTest"/>
  <testcase name="@BeforeTest method3" time="0.0" classname="testcases.BaseClass">
    <ignored/>
  </testcase> <!-- @BeforeTest method3 -->
  <testcase name="@BeforeTest method3" time="0.0" classname="testcases.BaseClass">
    <ignored/>
  </testcase> <!-- @BeforeTest method3 -->
  <testcase name="test1" time="0.0" classname="testcases.HomeLoanTest">
    <ignored/>
  </testcase> <!-- test1 -->
  <testcase name="@AfterTest method4" time="0.0" classname="testcases.BaseClass">
    <ignored/>
  </testcase> <!-- @AfterTest method4 -->
  <testcase name="@AfterTest method4" time="0.0" classname="testcases.BaseClass">
    <ignored/>
  </testcase> <!-- @AfterTest method4 -->
  <testcase name="test3" time="0.0" classname="testcases.CarLoanTest">
    <ignored/>
  </testcase> <!-- test3 -->
</testsuite> <!-- Test -->
